TN:
SF:src\domain\customer\model\base_model.ts
FNF:0
FNH:0
DA:1,1
DA:2,1
DA:3,1
LF:3
LH:3
BRF:0
BRH:0
end_of_record
TN:
SF:src\domain\customer\model\customer.ts
FNF:0
FNH:0
DA:1,1
DA:2,1
DA:3,1
DA:4,1
DA:5,1
DA:6,1
DA:7,1
DA:8,1
DA:9,1
DA:10,1
DA:11,1
DA:12,1
DA:13,1
DA:14,1
DA:15,1
DA:16,1
LF:16
LH:16
BRF:0
BRH:0
end_of_record
TN:
SF:src\domain\customer\repository\customer_repository.ts
FN:4,CustomerRepository
FN:7,create
FNF:2
FNH:2
FNDA:1,CustomerRepository
FNDA:1,create
DA:1,1
DA:2,1
DA:3,1
DA:4,1
DA:5,1
DA:6,1
DA:7,1
DA:8,1
DA:9,1
DA:10,1
DA:11,0
DA:12,0
DA:13,1
DA:14,1
LF:14
LH:12
BRDA:4,0,0,1
BRDA:7,1,0,1
BRDA:10,2,0,0
BRF:3
BRH:2
end_of_record
TN:
SF:src\domain\customer\services\create_customer_service.ts
FN:8,CustomerService
FN:12,create
FNF:2
FNH:2
FNDA:1,CustomerService
FNDA:1,create
DA:1,1
DA:2,1
DA:3,1
DA:4,1
DA:5,1
DA:6,1
DA:7,1
DA:8,1
DA:9,1
DA:10,1
DA:11,1
DA:12,1
DA:13,1
DA:14,1
DA:15,1
LF:15
LH:15
BRDA:8,0,0,1
BRDA:12,1,0,1
BRF:2
BRH:2
end_of_record
TN:
SF:src\presentation\controllers\create_customer_controller.ts
FN:9,CreateCustomerController
FN:13,CreateCustomerController.handle
FNF:2
FNH:2
FNDA:1,CreateCustomerController
FNDA:1,CreateCustomerController.handle
DA:1,1
DA:2,1
DA:3,1
DA:4,1
DA:5,1
DA:6,1
DA:7,1
DA:8,1
DA:9,1
DA:10,1
DA:11,1
DA:12,1
DA:13,1
DA:14,1
DA:15,1
DA:16,1
DA:17,1
DA:18,0
DA:19,0
DA:20,1
DA:21,1
LF:21
LH:19
BRDA:9,0,0,1
BRDA:13,1,0,1
BRDA:17,2,0,0
BRF:3
BRH:2
end_of_record
